<?xml version="1.0" encoding="UTF-8"?>
<!-- Generated by org.testng.reporters.JUnitReportReporter -->
<testsuite skipped="0" hostname="BLHOAISON" name="testPackage.TestHomePageKid" tests="1" failures="0" timestamp="2020-09-10T20:59:48 ICT" time="7.278" errors="0">
  <testcase name="testPageHomeKid" time="7.278" classname="testPackage.TestHomePageKid"/>
  <system-out/>
</testsuite> <!-- testPackage.TestHomePageKid -->
